{"C:\\Users\\steve\\OneDrive\\Desktop\\SA\\vacas\\`magistral\\Tarea 3\\SA_T3_201903974\\API\\controllers\\ciChangeController.js": {"path":"C:\\Users\\steve\\OneDrive\\Desktop\\SA\\vacas\\`magistral\\Tarea 3\\SA_T3_201903974\\API\\controllers\\ciChangeController.js","statementMap":{"0":{"start":{"line":5,"column":19},"end":{"line":5,"column":29}},"1":{"start":{"line":6,"column":2},"end":{"line":15,"column":3}},"2":{"start":{"line":7,"column":19},"end":{"line":10,"column":5}},"3":{"start":{"line":11,"column":4},"end":{"line":11,"column":19}},"4":{"start":{"line":13,"column":4},"end":{"line":13,"column":23}},"5":{"start":{"line":14,"column":4},"end":{"line":14,"column":70}},"6":{"start":{"line":19,"column":19},"end":{"line":19,"column":29}},"7":{"start":{"line":20,"column":46},"end":{"line":20,"column":54}},"8":{"start":{"line":21,"column":2},"end":{"line":36,"column":3}},"9":{"start":{"line":22,"column":21},"end":{"line":26,"column":5}},"10":{"start":{"line":27,"column":4},"end":{"line":32,"column":7}},"11":{"start":{"line":34,"column":4},"end":{"line":34,"column":23}},"12":{"start":{"line":35,"column":4},"end":{"line":35,"column":67}}},"fnMap":{"0":{"name":"getChangesByCI","decl":{"start":{"line":4,"column":22},"end":{"line":4,"column":36}},"loc":{"start":{"line":4,"column":47},"end":{"line":16,"column":1}},"line":4},"1":{"name":"createChange","decl":{"start":{"line":18,"column":22},"end":{"line":18,"column":34}},"loc":{"start":{"line":18,"column":45},"end":{"line":37,"column":1}},"line":18}},"branchMap":{},"s":{"0":2,"1":2,"2":2,"3":1,"4":1,"5":1,"6":2,"7":2,"8":2,"9":2,"10":1,"11":1,"12":1},"f":{"0":2,"1":2},"b":{},"_coverageSchema":"1a1c01bbd47fc00a2c39e90264f33305004495a9","hash":"33cdb83613a14016a72b3c9ec3f31e6d9eeafe41"}
,"C:\\Users\\steve\\OneDrive\\Desktop\\SA\\vacas\\`magistral\\Tarea 3\\SA_T3_201903974\\API\\controllers\\ciController.js": {"path":"C:\\Users\\steve\\OneDrive\\Desktop\\SA\\vacas\\`magistral\\Tarea 3\\SA_T3_201903974\\API\\controllers\\ciController.js","statementMap":{"0":{"start":{"line":5,"column":2},"end":{"line":18,"column":3}},"1":{"start":{"line":6,"column":19},"end":{"line":13,"column":6}},"2":{"start":{"line":14,"column":4},"end":{"line":14,"column":19}},"3":{"start":{"line":16,"column":4},"end":{"line":16,"column":23}},"4":{"start":{"line":17,"column":4},"end":{"line":17,"column":60}},"5":{"start":{"line":22,"column":17},"end":{"line":22,"column":27}},"6":{"start":{"line":23,"column":2},"end":{"line":30,"column":3}},"7":{"start":{"line":24,"column":19},"end":{"line":24,"column":75}},"8":{"start":{"line":25,"column":4},"end":{"line":25,"column":72}},"9":{"start":{"line":25,"column":13},"end":{"line":25,"column":72}},"10":{"start":{"line":26,"column":4},"end":{"line":26,"column":17}},"11":{"start":{"line":28,"column":4},"end":{"line":28,"column":23}},"12":{"start":{"line":29,"column":4},"end":{"line":29,"column":59}},"13":{"start":{"line":41,"column":6},"end":{"line":41,"column":14}},"14":{"start":{"line":43,"column":2},"end":{"line":65,"column":3}},"15":{"start":{"line":44,"column":21},"end":{"line":59,"column":5}},"16":{"start":{"line":60,"column":18},"end":{"line":60,"column":54}},"17":{"start":{"line":61,"column":4},"end":{"line":61,"column":32}},"18":{"start":{"line":63,"column":4},"end":{"line":63,"column":23}},"19":{"start":{"line":64,"column":4},"end":{"line":64,"column":57}},"20":{"start":{"line":69,"column":17},"end":{"line":69,"column":27}},"21":{"start":{"line":70,"column":17},"end":{"line":72,"column":14}},"22":{"start":{"line":71,"column":14},"end":{"line":71,"column":24}},"23":{"start":{"line":73,"column":17},"end":{"line":73,"column":40}},"24":{"start":{"line":75,"column":2},"end":{"line":86,"column":3}},"25":{"start":{"line":76,"column":21},"end":{"line":79,"column":5}},"26":{"start":{"line":80,"column":4},"end":{"line":81,"column":65}},"27":{"start":{"line":81,"column":6},"end":{"line":81,"column":65}},"28":{"start":{"line":82,"column":4},"end":{"line":82,"column":34}},"29":{"start":{"line":84,"column":4},"end":{"line":84,"column":23}},"30":{"start":{"line":85,"column":4},"end":{"line":85,"column":62}},"31":{"start":{"line":90,"column":17},"end":{"line":90,"column":27}},"32":{"start":{"line":91,"column":2},"end":{"line":99,"column":3}},"33":{"start":{"line":92,"column":21},"end":{"line":92,"column":75}},"34":{"start":{"line":93,"column":4},"end":{"line":94,"column":65}},"35":{"start":{"line":94,"column":6},"end":{"line":94,"column":65}},"36":{"start":{"line":95,"column":4},"end":{"line":95,"column":26}},"37":{"start":{"line":97,"column":4},"end":{"line":97,"column":23}},"38":{"start":{"line":98,"column":4},"end":{"line":98,"column":60}}},"fnMap":{"0":{"name":"getAllCIs","decl":{"start":{"line":4,"column":22},"end":{"line":4,"column":31}},"loc":{"start":{"line":4,"column":42},"end":{"line":19,"column":1}},"line":4},"1":{"name":"getCIById","decl":{"start":{"line":21,"column":22},"end":{"line":21,"column":31}},"loc":{"start":{"line":21,"column":42},"end":{"line":31,"column":1}},"line":21},"2":{"name":"createCI","decl":{"start":{"line":33,"column":22},"end":{"line":33,"column":30}},"loc":{"start":{"line":33,"column":41},"end":{"line":66,"column":1}},"line":33},"3":{"name":"updateCI","decl":{"start":{"line":68,"column":22},"end":{"line":68,"column":30}},"loc":{"start":{"line":68,"column":41},"end":{"line":87,"column":1}},"line":68},"4":{"name":"(anonymous_4)","decl":{"start":{"line":71,"column":9},"end":{"line":71,"column":10}},"loc":{"start":{"line":71,"column":14},"end":{"line":71,"column":24}},"line":71},"5":{"name":"deleteCI","decl":{"start":{"line":89,"column":22},"end":{"line":89,"column":30}},"loc":{"start":{"line":89,"column":41},"end":{"line":100,"column":1}},"line":89}},"branchMap":{"0":{"loc":{"start":{"line":25,"column":4},"end":{"line":25,"column":72}},"type":"if","locations":[{"start":{"line":25,"column":4},"end":{"line":25,"column":72}},{"start":{},"end":{}}],"line":25},"1":{"loc":{"start":{"line":80,"column":4},"end":{"line":81,"column":65}},"type":"if","locations":[{"start":{"line":80,"column":4},"end":{"line":81,"column":65}},{"start":{},"end":{}}],"line":80},"2":{"loc":{"start":{"line":93,"column":4},"end":{"line":94,"column":65}},"type":"if","locations":[{"start":{"line":93,"column":4},"end":{"line":94,"column":65}},{"start":{},"end":{}}],"line":93}},"s":{"0":2,"1":2,"2":1,"3":1,"4":1,"5":3,"6":3,"7":3,"8":2,"9":1,"10":1,"11":1,"12":1,"13":2,"14":2,"15":2,"16":1,"17":1,"18":1,"19":1,"20":3,"21":3,"22":4,"23":3,"24":3,"25":3,"26":2,"27":1,"28":1,"29":1,"30":1,"31":3,"32":3,"33":3,"34":2,"35":1,"36":1,"37":1,"38":1},"f":{"0":2,"1":3,"2":2,"3":3,"4":4,"5":3},"b":{"0":[1,1],"1":[1,1],"2":[1,1]},"_coverageSchema":"1a1c01bbd47fc00a2c39e90264f33305004495a9","hash":"22e2e8d9f47575a6e149c40c61fa9f5930ca56b3"}
,"C:\\Users\\steve\\OneDrive\\Desktop\\SA\\vacas\\`magistral\\Tarea 3\\SA_T3_201903974\\API\\controllers\\ciRelationshipController.js": {"path":"C:\\Users\\steve\\OneDrive\\Desktop\\SA\\vacas\\`magistral\\Tarea 3\\SA_T3_201903974\\API\\controllers\\ciRelationshipController.js","statementMap":{"0":{"start":{"line":4,"column":19},"end":{"line":4,"column":29}},"1":{"start":{"line":5,"column":2},"end":{"line":14,"column":3}},"2":{"start":{"line":6,"column":19},"end":{"line":9,"column":5}},"3":{"start":{"line":10,"column":4},"end":{"line":10,"column":19}},"4":{"start":{"line":12,"column":4},"end":{"line":12,"column":23}},"5":{"start":{"line":13,"column":4},"end":{"line":13,"column":73}},"6":{"start":{"line":18,"column":19},"end":{"line":18,"column":29}},"7":{"start":{"line":19,"column":47},"end":{"line":19,"column":55}},"8":{"start":{"line":20,"column":2},"end":{"line":35,"column":3}},"9":{"start":{"line":21,"column":21},"end":{"line":25,"column":5}},"10":{"start":{"line":26,"column":4},"end":{"line":31,"column":7}},"11":{"start":{"line":33,"column":4},"end":{"line":33,"column":23}},"12":{"start":{"line":34,"column":4},"end":{"line":34,"column":69}},"13":{"start":{"line":39,"column":26},"end":{"line":39,"column":36}},"14":{"start":{"line":40,"column":2},"end":{"line":51,"column":3}},"15":{"start":{"line":41,"column":21},"end":{"line":44,"column":5}},"16":{"start":{"line":45,"column":4},"end":{"line":46,"column":71}},"17":{"start":{"line":46,"column":6},"end":{"line":46,"column":71}},"18":{"start":{"line":47,"column":4},"end":{"line":47,"column":26}},"19":{"start":{"line":49,"column":4},"end":{"line":49,"column":23}},"20":{"start":{"line":50,"column":4},"end":{"line":50,"column":72}}},"fnMap":{"0":{"name":"getRelsByCI","decl":{"start":{"line":3,"column":22},"end":{"line":3,"column":33}},"loc":{"start":{"line":3,"column":44},"end":{"line":15,"column":1}},"line":3},"1":{"name":"createRel","decl":{"start":{"line":17,"column":22},"end":{"line":17,"column":31}},"loc":{"start":{"line":17,"column":42},"end":{"line":36,"column":1}},"line":17},"2":{"name":"deleteRel","decl":{"start":{"line":38,"column":22},"end":{"line":38,"column":31}},"loc":{"start":{"line":38,"column":42},"end":{"line":52,"column":1}},"line":38}},"branchMap":{"0":{"loc":{"start":{"line":45,"column":4},"end":{"line":46,"column":71}},"type":"if","locations":[{"start":{"line":45,"column":4},"end":{"line":46,"column":71}},{"start":{},"end":{}}],"line":45}},"s":{"0":2,"1":2,"2":2,"3":1,"4":1,"5":1,"6":2,"7":2,"8":2,"9":2,"10":1,"11":1,"12":1,"13":3,"14":3,"15":3,"16":2,"17":1,"18":1,"19":1,"20":1},"f":{"0":2,"1":2,"2":3},"b":{"0":[1,1]},"_coverageSchema":"1a1c01bbd47fc00a2c39e90264f33305004495a9","hash":"ac1049de5b776849f265db6c8f6c310ba8aed3de"}
,"C:\\Users\\steve\\OneDrive\\Desktop\\SA\\vacas\\`magistral\\Tarea 3\\SA_T3_201903974\\API\\controllers\\ciTypeController.js": {"path":"C:\\Users\\steve\\OneDrive\\Desktop\\SA\\vacas\\`magistral\\Tarea 3\\SA_T3_201903974\\API\\controllers\\ciTypeController.js","statementMap":{"0":{"start":{"line":5,"column":2},"end":{"line":11,"column":3}},"1":{"start":{"line":6,"column":19},"end":{"line":6,"column":73}},"2":{"start":{"line":7,"column":4},"end":{"line":7,"column":19}},"3":{"start":{"line":9,"column":4},"end":{"line":9,"column":23}},"4":{"start":{"line":10,"column":4},"end":{"line":10,"column":68}},"5":{"start":{"line":15,"column":17},"end":{"line":15,"column":27}},"6":{"start":{"line":16,"column":2},"end":{"line":23,"column":3}},"7":{"start":{"line":17,"column":21},"end":{"line":17,"column":82}},"8":{"start":{"line":18,"column":4},"end":{"line":18,"column":82}},"9":{"start":{"line":18,"column":15},"end":{"line":18,"column":82}},"10":{"start":{"line":19,"column":4},"end":{"line":19,"column":19}},"11":{"start":{"line":21,"column":4},"end":{"line":21,"column":23}},"12":{"start":{"line":22,"column":4},"end":{"line":22,"column":67}},"13":{"start":{"line":27,"column":32},"end":{"line":27,"column":40}},"14":{"start":{"line":28,"column":2},"end":{"line":37,"column":3}},"15":{"start":{"line":29,"column":21},"end":{"line":32,"column":5}},"16":{"start":{"line":33,"column":4},"end":{"line":33,"column":69}},"17":{"start":{"line":35,"column":4},"end":{"line":35,"column":23}},"18":{"start":{"line":36,"column":4},"end":{"line":36,"column":65}},"19":{"start":{"line":41,"column":17},"end":{"line":41,"column":27}},"20":{"start":{"line":42,"column":32},"end":{"line":42,"column":40}},"21":{"start":{"line":43,"column":2},"end":{"line":54,"column":3}},"22":{"start":{"line":44,"column":21},"end":{"line":47,"column":5}},"23":{"start":{"line":48,"column":4},"end":{"line":49,"column":73}},"24":{"start":{"line":49,"column":6},"end":{"line":49,"column":73}},"25":{"start":{"line":50,"column":4},"end":{"line":50,"column":40}},"26":{"start":{"line":52,"column":4},"end":{"line":52,"column":23}},"27":{"start":{"line":53,"column":4},"end":{"line":53,"column":70}},"28":{"start":{"line":58,"column":17},"end":{"line":58,"column":27}},"29":{"start":{"line":59,"column":2},"end":{"line":67,"column":3}},"30":{"start":{"line":60,"column":21},"end":{"line":60,"column":80}},"31":{"start":{"line":61,"column":4},"end":{"line":62,"column":73}},"32":{"start":{"line":62,"column":6},"end":{"line":62,"column":73}},"33":{"start":{"line":63,"column":4},"end":{"line":63,"column":26}},"34":{"start":{"line":65,"column":4},"end":{"line":65,"column":23}},"35":{"start":{"line":66,"column":4},"end":{"line":66,"column":68}}},"fnMap":{"0":{"name":"getAllTypes","decl":{"start":{"line":4,"column":22},"end":{"line":4,"column":33}},"loc":{"start":{"line":4,"column":44},"end":{"line":12,"column":1}},"line":4},"1":{"name":"getTypeById","decl":{"start":{"line":14,"column":22},"end":{"line":14,"column":33}},"loc":{"start":{"line":14,"column":44},"end":{"line":24,"column":1}},"line":14},"2":{"name":"createType","decl":{"start":{"line":26,"column":22},"end":{"line":26,"column":32}},"loc":{"start":{"line":26,"column":43},"end":{"line":38,"column":1}},"line":26},"3":{"name":"updateType","decl":{"start":{"line":40,"column":22},"end":{"line":40,"column":32}},"loc":{"start":{"line":40,"column":43},"end":{"line":55,"column":1}},"line":40},"4":{"name":"deleteType","decl":{"start":{"line":57,"column":22},"end":{"line":57,"column":32}},"loc":{"start":{"line":57,"column":43},"end":{"line":68,"column":1}},"line":57}},"branchMap":{"0":{"loc":{"start":{"line":18,"column":4},"end":{"line":18,"column":82}},"type":"if","locations":[{"start":{"line":18,"column":4},"end":{"line":18,"column":82}},{"start":{},"end":{}}],"line":18},"1":{"loc":{"start":{"line":48,"column":4},"end":{"line":49,"column":73}},"type":"if","locations":[{"start":{"line":48,"column":4},"end":{"line":49,"column":73}},{"start":{},"end":{}}],"line":48},"2":{"loc":{"start":{"line":61,"column":4},"end":{"line":62,"column":73}},"type":"if","locations":[{"start":{"line":61,"column":4},"end":{"line":62,"column":73}},{"start":{},"end":{}}],"line":61}},"s":{"0":2,"1":2,"2":1,"3":1,"4":1,"5":3,"6":3,"7":3,"8":2,"9":1,"10":1,"11":1,"12":1,"13":2,"14":2,"15":2,"16":1,"17":1,"18":1,"19":3,"20":3,"21":3,"22":3,"23":2,"24":1,"25":1,"26":1,"27":1,"28":3,"29":3,"30":3,"31":2,"32":1,"33":1,"34":1,"35":1},"f":{"0":2,"1":3,"2":2,"3":3,"4":3},"b":{"0":[1,1],"1":[1,1],"2":[1,1]},"_coverageSchema":"1a1c01bbd47fc00a2c39e90264f33305004495a9","hash":"73a9bf2023e1542f21366829fcc0e2ea321b5cea"}
,"C:\\Users\\steve\\OneDrive\\Desktop\\SA\\vacas\\`magistral\\Tarea 3\\SA_T3_201903974\\API\\controllers\\enviromentControler.js": {"path":"C:\\Users\\steve\\OneDrive\\Desktop\\SA\\vacas\\`magistral\\Tarea 3\\SA_T3_201903974\\API\\controllers\\enviromentControler.js","statementMap":{"0":{"start":{"line":4,"column":2},"end":{"line":10,"column":3}},"1":{"start":{"line":5,"column":19},"end":{"line":5,"column":77}},"2":{"start":{"line":6,"column":4},"end":{"line":6,"column":19}},"3":{"start":{"line":8,"column":4},"end":{"line":8,"column":23}},"4":{"start":{"line":9,"column":4},"end":{"line":9,"column":66}},"5":{"start":{"line":14,"column":17},"end":{"line":14,"column":27}},"6":{"start":{"line":15,"column":2},"end":{"line":22,"column":3}},"7":{"start":{"line":16,"column":20},"end":{"line":16,"column":85}},"8":{"start":{"line":17,"column":4},"end":{"line":17,"column":79}},"9":{"start":{"line":17,"column":14},"end":{"line":17,"column":79}},"10":{"start":{"line":18,"column":4},"end":{"line":18,"column":18}},"11":{"start":{"line":20,"column":4},"end":{"line":20,"column":23}},"12":{"start":{"line":21,"column":4},"end":{"line":21,"column":65}},"13":{"start":{"line":26,"column":19},"end":{"line":26,"column":27}},"14":{"start":{"line":27,"column":2},"end":{"line":36,"column":3}},"15":{"start":{"line":28,"column":21},"end":{"line":31,"column":5}},"16":{"start":{"line":32,"column":4},"end":{"line":32,"column":56}},"17":{"start":{"line":34,"column":4},"end":{"line":34,"column":23}},"18":{"start":{"line":35,"column":4},"end":{"line":35,"column":63}},"19":{"start":{"line":40,"column":17},"end":{"line":40,"column":27}},"20":{"start":{"line":41,"column":19},"end":{"line":41,"column":27}},"21":{"start":{"line":42,"column":2},"end":{"line":53,"column":3}},"22":{"start":{"line":43,"column":21},"end":{"line":46,"column":5}},"23":{"start":{"line":47,"column":4},"end":{"line":48,"column":71}},"24":{"start":{"line":48,"column":6},"end":{"line":48,"column":71}},"25":{"start":{"line":49,"column":4},"end":{"line":49,"column":27}},"26":{"start":{"line":51,"column":4},"end":{"line":51,"column":23}},"27":{"start":{"line":52,"column":4},"end":{"line":52,"column":68}},"28":{"start":{"line":57,"column":17},"end":{"line":57,"column":27}},"29":{"start":{"line":58,"column":2},"end":{"line":66,"column":3}},"30":{"start":{"line":59,"column":21},"end":{"line":59,"column":84}},"31":{"start":{"line":60,"column":4},"end":{"line":61,"column":71}},"32":{"start":{"line":61,"column":6},"end":{"line":61,"column":71}},"33":{"start":{"line":62,"column":4},"end":{"line":62,"column":26}},"34":{"start":{"line":64,"column":4},"end":{"line":64,"column":23}},"35":{"start":{"line":65,"column":4},"end":{"line":65,"column":66}}},"fnMap":{"0":{"name":"getAllEnvs","decl":{"start":{"line":3,"column":22},"end":{"line":3,"column":32}},"loc":{"start":{"line":3,"column":43},"end":{"line":11,"column":1}},"line":3},"1":{"name":"getEnvById","decl":{"start":{"line":13,"column":22},"end":{"line":13,"column":32}},"loc":{"start":{"line":13,"column":43},"end":{"line":23,"column":1}},"line":13},"2":{"name":"createEnv","decl":{"start":{"line":25,"column":22},"end":{"line":25,"column":31}},"loc":{"start":{"line":25,"column":42},"end":{"line":37,"column":1}},"line":25},"3":{"name":"updateEnv","decl":{"start":{"line":39,"column":22},"end":{"line":39,"column":31}},"loc":{"start":{"line":39,"column":42},"end":{"line":54,"column":1}},"line":39},"4":{"name":"deleteEnv","decl":{"start":{"line":56,"column":22},"end":{"line":56,"column":31}},"loc":{"start":{"line":56,"column":42},"end":{"line":67,"column":1}},"line":56}},"branchMap":{"0":{"loc":{"start":{"line":17,"column":4},"end":{"line":17,"column":79}},"type":"if","locations":[{"start":{"line":17,"column":4},"end":{"line":17,"column":79}},{"start":{},"end":{}}],"line":17},"1":{"loc":{"start":{"line":47,"column":4},"end":{"line":48,"column":71}},"type":"if","locations":[{"start":{"line":47,"column":4},"end":{"line":48,"column":71}},{"start":{},"end":{}}],"line":47},"2":{"loc":{"start":{"line":60,"column":4},"end":{"line":61,"column":71}},"type":"if","locations":[{"start":{"line":60,"column":4},"end":{"line":61,"column":71}},{"start":{},"end":{}}],"line":60}},"s":{"0":2,"1":2,"2":1,"3":1,"4":1,"5":3,"6":3,"7":3,"8":2,"9":1,"10":1,"11":1,"12":1,"13":2,"14":2,"15":2,"16":1,"17":1,"18":1,"19":3,"20":3,"21":3,"22":3,"23":2,"24":1,"25":1,"26":1,"27":1,"28":3,"29":3,"30":3,"31":2,"32":1,"33":1,"34":1,"35":1},"f":{"0":2,"1":3,"2":2,"3":3,"4":3},"b":{"0":[1,1],"1":[1,1],"2":[1,1]},"_coverageSchema":"1a1c01bbd47fc00a2c39e90264f33305004495a9","hash":"948b3aa3b43d5be5e0fc3ae609bcabbb2b56d357"}
}
