TN:
SF:controllers\ciChangeController.js
FN:4,getChangesByCI
FN:18,createChange
FNF:2
FNH:2
FNDA:2,getChangesByCI
FNDA:2,createChange
DA:5,2
DA:6,2
DA:7,2
DA:11,1
DA:13,1
DA:14,1
DA:19,2
DA:20,2
DA:21,2
DA:22,2
DA:27,1
DA:34,1
DA:35,1
LF:13
LH:13
BRF:0
BRH:0
end_of_record
TN:
SF:controllers\ciController.js
FN:4,getAllCIs
FN:21,getCIById
FN:33,createCI
FN:68,updateCI
FN:71,(anonymous_4)
FN:89,deleteCI
FNF:6
FNH:6
FNDA:2,getAllCIs
FNDA:3,getCIById
FNDA:2,createCI
FNDA:3,updateCI
FNDA:4,(anonymous_4)
FNDA:3,deleteCI
DA:5,2
DA:6,2
DA:14,1
DA:16,1
DA:17,1
DA:22,3
DA:23,3
DA:24,3
DA:25,2
DA:26,1
DA:28,1
DA:29,1
DA:41,2
DA:43,2
DA:44,2
DA:60,1
DA:61,1
DA:63,1
DA:64,1
DA:69,3
DA:70,3
DA:71,4
DA:73,3
DA:75,3
DA:76,3
DA:80,2
DA:81,1
DA:82,1
DA:84,1
DA:85,1
DA:90,3
DA:91,3
DA:92,3
DA:93,2
DA:94,1
DA:95,1
DA:97,1
DA:98,1
LF:38
LH:38
BRDA:25,0,0,1
BRDA:25,0,1,1
BRDA:80,1,0,1
BRDA:80,1,1,1
BRDA:93,2,0,1
BRDA:93,2,1,1
BRF:6
BRH:6
end_of_record
TN:
SF:controllers\ciRelationshipController.js
FN:3,getRelsByCI
FN:17,createRel
FN:38,deleteRel
FNF:3
FNH:3
FNDA:2,getRelsByCI
FNDA:2,createRel
FNDA:3,deleteRel
DA:4,2
DA:5,2
DA:6,2
DA:10,1
DA:12,1
DA:13,1
DA:18,2
DA:19,2
DA:20,2
DA:21,2
DA:26,1
DA:33,1
DA:34,1
DA:39,3
DA:40,3
DA:41,3
DA:45,2
DA:46,1
DA:47,1
DA:49,1
DA:50,1
LF:21
LH:21
BRDA:45,0,0,1
BRDA:45,0,1,1
BRF:2
BRH:2
end_of_record
TN:
SF:controllers\ciTypeController.js
FN:4,getAllTypes
FN:14,getTypeById
FN:26,createType
FN:40,updateType
FN:57,deleteType
FNF:5
FNH:5
FNDA:2,getAllTypes
FNDA:3,getTypeById
FNDA:2,createType
FNDA:3,updateType
FNDA:3,deleteType
DA:5,2
DA:6,2
DA:7,1
DA:9,1
DA:10,1
DA:15,3
DA:16,3
DA:17,3
DA:18,2
DA:19,1
DA:21,1
DA:22,1
DA:27,2
DA:28,2
DA:29,2
DA:33,1
DA:35,1
DA:36,1
DA:41,3
DA:42,3
DA:43,3
DA:44,3
DA:48,2
DA:49,1
DA:50,1
DA:52,1
DA:53,1
DA:58,3
DA:59,3
DA:60,3
DA:61,2
DA:62,1
DA:63,1
DA:65,1
DA:66,1
LF:35
LH:35
BRDA:18,0,0,1
BRDA:18,0,1,1
BRDA:48,1,0,1
BRDA:48,1,1,1
BRDA:61,2,0,1
BRDA:61,2,1,1
BRF:6
BRH:6
end_of_record
TN:
SF:controllers\enviromentControler.js
FN:3,getAllEnvs
FN:13,getEnvById
FN:25,createEnv
FN:39,updateEnv
FN:56,deleteEnv
FNF:5
FNH:5
FNDA:2,getAllEnvs
FNDA:3,getEnvById
FNDA:2,createEnv
FNDA:3,updateEnv
FNDA:3,deleteEnv
DA:4,2
DA:5,2
DA:6,1
DA:8,1
DA:9,1
DA:14,3
DA:15,3
DA:16,3
DA:17,2
DA:18,1
DA:20,1
DA:21,1
DA:26,2
DA:27,2
DA:28,2
DA:32,1
DA:34,1
DA:35,1
DA:40,3
DA:41,3
DA:42,3
DA:43,3
DA:47,2
DA:48,1
DA:49,1
DA:51,1
DA:52,1
DA:57,3
DA:58,3
DA:59,3
DA:60,2
DA:61,1
DA:62,1
DA:64,1
DA:65,1
LF:35
LH:35
BRDA:17,0,0,1
BRDA:17,0,1,1
BRDA:47,1,0,1
BRDA:47,1,1,1
BRDA:60,2,0,1
BRDA:60,2,1,1
BRF:6
BRH:6
end_of_record
